<?xml version="1.0" encoding="UTF-8"?>
<!-- Generated by org.testng.reporters.JUnitXMLReporter -->
<testsuite ignored="2" hostname="GAVLMUMDT-046" failures="0" tests="1" name="Default test" time="57.914" errors="0" timestamp="2025-04-02T09:52:07 IST">
  <testcase classname="Farmer_V106_Functional.CollectionCenterBookingTest" name="verifyUserIsAbleToBookCc" time="43.576"/>
  <testcase classname="Farmer_V106_Functional.CollectionCenterBookingTest" name="verifyUserIsAbleToBookCcWithoutWeight" time="0.0">
    <ignored/>
  </testcase> <!-- verifyUserIsAbleToBookCcWithoutWeight -->
  <testcase classname="Farmer_V106_Functional.CollectionCenterBookingTest" name="VerifyUserAbleToBookSlotWithoutSelectingDate" time="0.0">
    <ignored/>
  </testcase> <!-- VerifyUserAbleToBookSlotWithoutSelectingDate -->
</testsuite> <!-- Default test -->
