<?xml version="1.0" encoding="UTF-8"?>
<!-- Generated by org.testng.reporters.JUnitXMLReporter -->
<testsuite ignored="3" hostname="GAVLMUMDT-046" failures="0" tests="1" name="Default test" time="27.68" errors="0" timestamp="2025-01-15T15:24:12 IST">
  <testcase classname="Farmer_V106_Functional.Profile" name="verifyUserIsAbleToChangeProfileImageThroughCamera" time="17.457"/>
  <testcase classname="Farmer_V106_Functional.Profile" name="VerifyRFIDcard" time="0.0">
    <ignored/>
  </testcase> <!-- VerifyRFIDcard -->
  <testcase classname="Farmer_V106_Functional.Profile" name="VerifyBankDetail" time="0.0">
    <ignored/>
  </testcase> <!-- VerifyBankDetail -->
  <testcase classname="Farmer_V106_Functional.Profile" name="ViewFarmerProfile" time="0.0">
    <ignored/>
  </testcase> <!-- ViewFarmerProfile -->
</testsuite> <!-- Default test -->
