<?xml version="1.0" encoding="UTF-8"?>
<testng-results ignored="2" total="3" passed="1" failed="0" skipped="0">
  <reporter-output>
  </reporter-output>
  <suite started-at="2025-04-02T09:51:09 IST" name="Default suite" finished-at="2025-04-02T09:52:07 IST" duration-ms="57914">
    <groups>
    </groups>
    <test started-at="2025-04-02T09:51:09 IST" name="Default test" finished-at="2025-04-02T09:52:07 IST" duration-ms="57914">
      <class name="Farmer_V106_Functional.CollectionCenterBookingTest">
        <test-method is-config="true" signature="startApp()[pri:0, instance:Farmer_V106_Functional.CollectionCenterBookingTest@45b4c3a9]" started-at="2025-04-02T09:51:09 IST" name="startApp" finished-at="2025-04-02T09:51:23 IST" duration-ms="13569" status="PASS">
          <reporter-output>
          </reporter-output>
        </test-method> <!-- startApp -->
        <test-method signature="verifyUserIsAbleToBookCc()[pri:0, instance:Farmer_V106_Functional.CollectionCenterBookingTest@45b4c3a9]" started-at="2025-04-02T09:51:23 IST" name="verifyUserIsAbleToBookCc" finished-at="2025-04-02T09:52:06 IST" duration-ms="43576" status="PASS">
          <reporter-output>
          </reporter-output>
        </test-method> <!-- verifyUserIsAbleToBookCc -->
        <test-method is-config="true" signature="closeApp()[pri:0, instance:Farmer_V106_Functional.CollectionCenterBookingTest@45b4c3a9]" started-at="2025-04-02T09:52:06 IST" name="closeApp" finished-at="2025-04-02T09:52:07 IST" duration-ms="670" status="PASS">
          <reporter-output>
          </reporter-output>
        </test-method> <!-- closeApp -->
      </class> <!-- Farmer_V106_Functional.CollectionCenterBookingTest -->
    </test> <!-- Default test -->
  </suite> <!-- Default suite -->
</testng-results>
